Aligning contigs to reference...
	Aligning contigs to the reference
Filtering alignments...
Parsing coords...
Loading reference...
	Loaded [NC_003197.2]
	Loaded [NC_003277.2]
	Total Regions: 2
	Total Region Length: 4951383
Analyzing contigs...
CONTIG: contig_3 (109059bp)
		This contig is unaligned. (109059 bp)
		Unaligned bases: 109059 (number of Ns: 0)

CONTIG: contig_1 (3318770bp)
Best alignment score: 953497.3 (LEN: 953688, IDY: 99.98), Total number of alignments: 44
			Looking for the best set of alignments (out of 44 total alignments)
			Skipping redundant alignments after choosing the best set of alignments
		Skipping redundant alignment 2045623 2046335 | 746552 745840 | 713 713 | 100.0 | NC_003197.2 contig_1
		Skipping redundant alignment 2579220 2579936 | 746553 745837 | 717 717 | 100.0 | NC_003197.2 contig_1
		Skipping redundant alignment 3194214 3194930 | 746553 745837 | 717 717 | 100.0 | NC_003197.2 contig_1
		Skipping redundant alignment 1025021 1025737 | 745837 746553 | 717 717 | 100.0 | NC_003197.2 contig_1
		Skipping redundant alignment 4559284 4560000 | 745837 746553 | 717 717 | 100.0 | NC_003197.2 contig_1
		Skipping redundant alignment 3635059 3635771 | 1499115 1498403 | 713 713 | 100.0 | NC_003197.2 contig_1
		Skipping redundant alignment 2579220 2579937 | 1499116 1498399 | 718 718 | 100.0 | NC_003197.2 contig_1
		Skipping redundant alignment 3194214 3194931 | 1499116 1498399 | 718 718 | 100.0 | NC_003197.2 contig_1
		Skipping redundant alignment 1025019 1025737 | 1498398 1499116 | 719 719 | 100.0 | NC_003197.2 contig_1
		Skipping redundant alignment 4559280 4560000 | 1498396 1499116 | 721 721 | 100.0 | NC_003197.2 contig_1
		Skipping redundant alignment 3194215 3194931 | 1858717 1858001 | 717 717 | 100.0 | NC_003197.2 contig_1
		Skipping redundant alignment 2579221 2579937 | 1858717 1858001 | 717 717 | 100.0 | NC_003197.2 contig_1
		Skipping redundant alignment 4559282 4559999 | 1858000 1858717 | 718 718 | 100.0 | NC_003197.2 contig_1
		Skipping redundant alignment 1025019 1025736 | 1858000 1858717 | 718 718 | 100.0 | NC_003197.2 contig_1
		Skipping redundant alignment 3635057 3635771 | 1858719 1858005 | 715 715 | 100.0 | NC_003197.2 contig_1
		Skipping redundant alignment 1966270 1966719 | 2045212 2044763 | 450 450 | 96.0 | NC_003197.2 contig_1
		Skipping redundant alignment 2770161 2771581 | 2047151 2045731 | 1421 1421 | 98.8 | NC_003197.2 contig_1
		Skipping redundant alignment 2766551 2769266 | 2050768 2048053 | 2716 2716 | 99.08 | NC_003197.2 contig_1
		Skipping redundant alignment 2758981 2761333 | 2060800 2058438 | 2353 2363 | 97.51 | NC_003197.2 contig_1
		This contig has several significant sets of alignments. [An ambiguously mapped contig]
		Using only the very best set (option --ambiguity-usage is set to "one").
			The best set is below. Score: 3126627.5, number of alignments: 25, unaligned bases: 185990
		This contig is misassembled.
		This contig is partially unaligned. (Aligned 3132780 out of 3318770 non-N bases (94.40%))
			Excluding internal overlap of size 6 between Alignment 1 and 2: 4013317 4033085 | 1 19769 | 19769 19769 --> 4013317 4033079 | 1 19763 | 19763 19763
			Real Alignment 1: 4013317 4033079 | 1 19763 | 19763 19763 | 100.0 | NC_003197.2 contig_1
			  Gap between these two alignments (local misassembly). Inconsistency = 256
			Real Alignment 2: 4033336 4464040 | 19764 450273 | 430705 430510 | 99.91 | NC_003197.2 contig_1
			  Extensive misassembly (relocation, inconsistency = -40641) between these two alignments
			Excluding internal overlap of size 3 between Alignment 3 and 4: 4559998 4566643 | 586160 592806 | 6646 6647 --> 4560001 4566643 | 586163 592806 | 6643 6644
			Real Alignment 3: 4464030 4559288 | 490904 586162 | 95259 95259 | 99.99 | NC_003197.2 contig_1
			  Gap between these two alignments (local misassembly). Inconsistency = 712
			Real Alignment 4: 4560001 4566643 | 586163 592806 | 6643 6644 | 99.97 | NC_003197.2 contig_1
			  Extensive misassembly (relocation, inconsistency = -80741) between these two alignments
			Excluding internal overlap of size 2 between Alignment 5 and 6: 3635059 3635771 | 746552 745840 | 713 713 --> 3635059 3635769 | 746552 745842 | 711 711
			Real Alignment 5: 4566589 4638937 | 673493 745841 | 72349 72349 | 99.98 | NC_003197.2 contig_1
			  Extensive misassembly (relocation, inconsistency = 930819) between these two alignments
			Excluding internal overlap of size 2 between Alignment 6 and 7: 3635059 3635769 | 746552 745842 | 711 711 --> 3635061 3635769 | 746550 745842 | 709 709
			Real Alignment 6: 3635061 3635769 | 746550 745842 | 709 709 | 100.0 | NC_003197.2 contig_1
			  Extensive misassembly (relocation, inconsistency = 1003166) between these two alignments
			Real Alignment 7: 4638936 4857450 | 746551 965065 | 218515 218515 | 99.98 | NC_003197.2 contig_1
			  Not a misassembly [linear representation of circular genome] between these two alignments
			Real Alignment 8: 1 368873 | 965066 1333785 | 368873 368720 | 99.91 | NC_003197.2 contig_1
			  Extensive misassembly (relocation, inconsistency = -18409) between these two alignments
			Excluding internal overlap of size 2 between Alignment 9 and 10: 2045623 2046335 | 1499115 1498403 | 713 713 --> 2045623 2046333 | 1499115 1498405 | 711 711
			Real Alignment 9: 368856 515094 | 1352177 1498404 | 146239 146228 | 99.98 | NC_003197.2 contig_1
			  Extensive misassembly (relocation, inconsistency = 1530528) between these two alignments
			Excluding internal overlap of size 2 between Alignment 10 and 11: 2045623 2046333 | 1499115 1498405 | 711 711 --> 2045625 2046333 | 1499113 1498405 | 709 709
			Real Alignment 10: 2045625 2046333 | 1499113 1498405 | 709 709 | 100.0 | NC_003197.2 contig_1
			  Extensive misassembly (relocation, inconsistency = 1171482) between these two alignments
			Excluding internal overlap of size 2 between Alignment 11 and 12: 2045623 2046335 | 1858717 1858005 | 713 713 --> 2045623 2046333 | 1858717 1858007 | 711 711
			Real Alignment 11: 515093 874142 | 1499114 1858006 | 359050 358893 | 99.93 | NC_003197.2 contig_1
			  Extensive misassembly (relocation, inconsistency = 1171480) between these two alignments
			Excluding internal overlap of size 2 between Alignment 12 and 13: 2045623 2046333 | 1858717 1858007 | 711 711 --> 2045625 2046333 | 1858715 1858007 | 709 709
			Real Alignment 12: 2045625 2046333 | 1858715 1858007 | 709 709 | 100.0 | NC_003197.2 contig_1
			  Extensive misassembly (relocation, inconsistency = 1083043) between these two alignments
			Excluding internal overlap of size 8 between Alignment 13 and 14: 874141 962581 | 1858716 1947157 | 88441 88442 --> 874141 962573 | 1858716 1947149 | 88433 88434
			Real Alignment 13: 874141 962573 | 1858716 1947149 | 88433 88434 | 99.99 | NC_003197.2 contig_1
			  Extensive misassembly (relocation, inconsistency = 42723) between these two alignments
			Real Alignment 14: 1005297 1102887 | 1947150 2044782 | 97591 97633 | 99.93 | NC_003197.2 contig_1
			  Gap between these two alignments (local misassembly). Inconsistency = -273
			Real Alignment 15: 1103563 1104436 | 2045731 2046604 | 874 874 | 98.63 | NC_003197.2 contig_1
			  Indel (> 5bp) between these two alignments: insertion of length 51; 0 mismatches (number of Ns: 0)
			Real Alignment 16: 1104437 1104932 | 2046656 2047151 | 496 496 | 97.78 | NC_003197.2 contig_1
			  Gap between these two alignments (local misassembly). Inconsistency = -7
			Real Alignment 17: 1105827 1108542 | 2048053 2050768 | 2716 2716 | 99.08 | NC_003197.2 contig_1
			  Extensive misassembly (relocation, inconsistency = 1650342) between these two alignments
			Real Alignment 18: 2763214 2765155 | 2057041 2055098 | 1942 1944 | 98.46 | NC_003197.2 contig_1
			  Extensive misassembly (relocation, inconsistency = 1646855) between these two alignments
			Real Alignment 19: 1112831 1115877 | 2057523 2060569 | 3047 3047 | 99.15 | NC_003197.2 contig_1
			  Extensive misassembly (relocation, inconsistency = 10732) between these two alignments
			Real Alignment 20: 1128557 2082231 | 2062517 3016204 | 953675 953688 | 99.98 | NC_003197.2 contig_1
			  Extensive misassembly (relocation, inconsistency = 769158) between these two alignments
			Real Alignment 21: 2853683 2854466 | 3018498 3019281 | 784 784 | 95.79 | NC_003197.2 contig_1
			  Extensive misassembly (relocation, inconsistency = -518957) between these two alignments
			Real Alignment 22: 2336295 2336734 | 3020067 3020506 | 440 440 | 98.86 | NC_003197.2 contig_1
			  Extensive misassembly (relocation, inconsistency = -18741) between these two alignments
			Real Alignment 23: 2339582 2340800 | 3042095 3043313 | 1219 1219 | 98.28 | NC_003197.2 contig_1
			  Extensive misassembly (relocation, inconsistency = -271544) between these two alignments
			Excluding internal overlap of size 10 between Alignment 24 and 25: 2344283 2352707 | 3310347 3318770 | 8425 8424 --> 2344293 2352707 | 3310357 3318770 | 8415 8414
			Real Alignment 24: 2082217 2336306 | 3056274 3310356 | 254090 254083 | 99.98 | NC_003197.2 contig_1
			  Extensive misassembly (relocation, inconsistency = 7986) between these two alignments
			Real Alignment 25: 2344293 2352707 | 3310357 3318770 | 8415 8414 | 99.91 | NC_003197.2 contig_1
		Unaligned bases: 185990

CONTIG: contig_2 (1676979bp)
Best alignment score: 637774.0 (LEN: 638093, IDY: 99.95), Total number of alignments: 25
			Looking for the best set of alignments (out of 25 total alignments)
			Skipping redundant alignments after choosing the best set of alignments
		Skipping redundant alignment 2045622 2046335 | 137466 138179 | 714 714 | 100.0 | NC_003197.2 contig_2
		Skipping redundant alignment 1025020 1025736 | 138183 137467 | 717 717 | 100.0 | NC_003197.2 contig_2
		Skipping redundant alignment 3194215 3194931 | 137467 138183 | 717 717 | 100.0 | NC_003197.2 contig_2
		Skipping redundant alignment 4559283 4559999 | 138183 137467 | 717 717 | 100.0 | NC_003197.2 contig_2
		Skipping redundant alignment 2579221 2579937 | 137467 138183 | 717 717 | 100.0 | NC_003197.2 contig_2
		Skipping redundant alignment 3635059 3635771 | 207118 207830 | 713 713 | 100.0 | NC_003197.2 contig_2
		Skipping redundant alignment 3194214 3194931 | 207117 207834 | 718 718 | 100.0 | NC_003197.2 contig_2
		Skipping redundant alignment 4559283 4560000 | 207834 207117 | 718 718 | 100.0 | NC_003197.2 contig_2
		Skipping redundant alignment 2579219 2579937 | 207116 207834 | 719 719 | 100.0 | NC_003197.2 contig_2
		Skipping redundant alignment 1025020 1025739 | 207834 207115 | 720 720 | 100.0 | NC_003197.2 contig_2
		Skipping redundant alignment 1105772 1108542 | 419743 416973 | 2771 2771 | 99.39 | NC_003197.2 contig_2
		This contig has several significant sets of alignments. [An ambiguously mapped contig]
		Using only the very best set (option --ambiguity-usage is set to "one").
			The best set is below. Score: 1609092.9, number of alignments: 14, unaligned bases: 63645
		This contig is misassembled.
		This contig is partially unaligned. (Aligned 1613334 out of 1676979 non-N bases (96.20%))
			Excluding internal overlap of size 2 between Alignment 1 and 2: 3635059 3635771 | 137467 138179 | 713 713 --> 3635061 3635771 | 137469 138179 | 711 711
			Real Alignment 1: 2351096 2488562 | 1 137468 | 137467 137468 | 99.99 | NC_003197.2 contig_2
			  Extensive misassembly (relocation, inconsistency = 1146498) between these two alignments
			Excluding internal overlap of size 2 between Alignment 2 and 3: 3635061 3635771 | 137469 138179 | 711 711 --> 3635061 3635769 | 137469 138177 | 709 709
			Real Alignment 2: 3635061 3635769 | 137469 138177 | 709 709 | 100.0 | NC_003197.2 contig_2
			  Extensive misassembly (relocation, inconsistency = -1147209) between these two alignments
			Excluding internal overlap of size 2 between Alignment 3 and 4: 2045623 2046335 | 207118 207830 | 713 713 --> 2045625 2046335 | 207120 207830 | 711 711
			Real Alignment 3: 2488561 2557502 | 138178 207119 | 68942 68942 | 99.99 | NC_003197.2 contig_2
			  Extensive misassembly (relocation, inconsistency = -511878) between these two alignments
			Excluding internal overlap of size 2 between Alignment 4 and 5: 2045625 2046335 | 207120 207830 | 711 711 --> 2045625 2046333 | 207120 207828 | 709 709
			Real Alignment 4: 2045625 2046333 | 207120 207828 | 709 709 | 100.0 | NC_003197.2 contig_2
			  Extensive misassembly (relocation, inconsistency = 511167) between these two alignments
			Excluding internal overlap of size 2 between Alignment 5 and 6: 2557501 2579222 | 207829 229550 | 21722 21722 --> 2557501 2579220 | 207829 229548 | 21720 21720
			Real Alignment 5: 2557501 2579220 | 207829 229548 | 21720 21720 | 99.97 | NC_003197.2 contig_2
			  Gap between these two alignments (local misassembly). Inconsistency = 711
			Real Alignment 6: 2579932 2765154 | 229549 414760 | 185223 185212 | 99.97 | NC_003197.2 contig_2
			  Gap between these two alignments (local misassembly). Inconsistency = 75
			Real Alignment 7: 2765555 2765939 | 415086 415470 | 385 385 | 97.14 | NC_003197.2 contig_2
			  Gap between these two alignments (local misassembly). Inconsistency = -891
			Real Alignment 8: 2766551 2769321 | 416973 419743 | 2771 2771 | 99.39 | NC_003197.2 contig_2
			  Gap between these two alignments (local misassembly). Inconsistency = -97
			Excluding internal overlap of size 47 between Alignment 9 and 10: 2877962 2900324 | 494830 517110 | 22363 22281 --> 2878009 2900324 | 494877 517110 | 22316 22234
			Real Alignment 9: 2770193 2844315 | 420712 494876 | 74123 74165 | 99.9 | NC_003197.2 contig_2
			  Extensive misassembly (relocation, inconsistency = 33693) between these two alignments
			Real Alignment 10: 2878009 2900324 | 494877 517110 | 22316 22234 | 99.62 | NC_003197.2 contig_2
			  Extensive misassembly (relocation, inconsistency = -12489) between these two alignments
			Real Alignment 11: 2916040 3101514 | 545315 729341 | 185475 184027 | 99.07 | NC_003197.2 contig_2
			  Gap between these two alignments (local misassembly). Inconsistency = -777
			Excluding internal overlap of size 3 between Alignment 12 and 13: 3101506 3194216 | 730110 822802 | 92711 92693 --> 3101506 3194213 | 730110 822799 | 92708 92690
			Real Alignment 12: 3101506 3194213 | 730110 822799 | 92708 92690 | 99.97 | NC_003197.2 contig_2
			  Gap between these two alignments (local misassembly). Inconsistency = 712
			Real Alignment 13: 3194926 3379139 | 822800 1007008 | 184214 184209 | 99.98 | NC_003197.2 contig_2
			  Extensive misassembly (relocation, inconsistency = -31976) between these two alignments
			Real Alignment 14: 3379042 4017164 | 1038887 1676979 | 638123 638093 | 99.95 | NC_003197.2 contig_2
		Unaligned bases: 63645

Analyzing coverage...
Writing SNPs into /scratch/ssaiphoo/salmonella/quast/quast_02/contigs_reports/minimap_output/consensus.used_snps

Analysis is finished!
Founded SNPs were written into /scratch/ssaiphoo/salmonella/quast/quast_02/contigs_reports/minimap_output/consensus.used_snps

Results:
	Local Misassemblies: 10
	Misassemblies: 25
		Relocations: 25
		Translocations: 0
		Inversions: 0
	Scaffold gap extensive misassemblies: 0
	Scaffold gap local misassemblies: 0
	Misassembled Contigs: 2
	Misassembled Contig Bases: 4995749
	Misassemblies Inter-Contig Overlap ("Extra" Aligned Bases): 0
Unaligned Contigs: 1 + 2 part
Half Unaligned Contigs with Misassemblies: 0
Unaligned Bases in Fully and Partially Unaligned Contigs: 358694

Ambiguously Mapped Contigs: 2
Total Bases in Ambiguously Mapped Contigs: 4995749
"Extra" Aligned Bases in Ambiguously Mapped Contigs: 0
Note that --allow-ambiguity option was set to "one" and only first alignment per each of these contigs was used (there is no "extra" aligned bases).

	Covered Bases in Reference: 4736956
	Raw Aligned Bases in Assembly: 4746091
	Total Aligned Bases in Assembly (with "Extras"): 4746091

	SNPs: 1286
	Insertions: 331
	Deletions: 2296

