Aligning contigs to reference...
	Aligning contigs to the reference
Filtering alignments...
Parsing coords...
Loading reference...
	Loaded [contig_1]
	Loaded [contig_2]
	Loaded [contig_3]
	Total Regions: 3
	Total Region Length: 5104813
Analyzing contigs...
CONTIG: contig_3 (109059bp)
Best alignment score: 109059.0 (LEN: 109059, IDY: 100.00), Total number of alignments: 1
		One align captures most of this contig: 1 109059 | 1 109059 | 109059 109059 | 100.0 | contig_3 contig_3

CONTIG: contig_1 (3318770bp)
Best alignment score: 3318770.0 (LEN: 3318770, IDY: 100.00), Total number of alignments: 1
		One align captures most of this contig: 1 3318776 | 1 3318770 | 3318776 3318770 | 100.0 | contig_1 contig_1

CONTIG: contig_2 (1676979bp)
Best alignment score: 1676979.0 (LEN: 1676979, IDY: 100.00), Total number of alignments: 1
		One align captures most of this contig: 1 1676978 | 1 1676979 | 1676978 1676979 | 100.0 | contig_2 contig_2

Analyzing coverage...
Writing SNPs into /scratch/ssaiphoo/salmonella/quast/contigs_reports/minimap_output/consensus.used_snps

Analysis is finished!
Founded SNPs were written into /scratch/ssaiphoo/salmonella/quast/contigs_reports/minimap_output/consensus.used_snps

Results:
	Local Misassemblies: 0
	Misassemblies: 0
		Relocations: 0
		Translocations: 0
		Inversions: 0
	Scaffold gap extensive misassemblies: 0
	Scaffold gap local misassemblies: 0
	Misassembled Contigs: 0
	Misassembled Contig Bases: 0
	Misassemblies Inter-Contig Overlap ("Extra" Aligned Bases): 0
Unaligned Contigs: 0 + 0 part
Half Unaligned Contigs with Misassemblies: 0
Unaligned Bases in Fully and Partially Unaligned Contigs: 0

Ambiguously Mapped Contigs: 0
Total Bases in Ambiguously Mapped Contigs: 0
"Extra" Aligned Bases in Ambiguously Mapped Contigs: 0
Note that --allow-ambiguity option was set to "one" and only first alignment per each of these contigs was used (there is no "extra" aligned bases).

	Covered Bases in Reference: 5104813
	Raw Aligned Bases in Assembly: 5104808
	Total Aligned Bases in Assembly (with "Extras"): 5104808

	SNPs: 14
	Insertions: 2
	Deletions: 7

